# JRE version: OpenJDK Runtime Environment (8.0_202-b03) (build 1.8.0_202-release-1483-b03)
# Java VM: OpenJDK 64-Bit Server VM (25.202-b03 mixed mode windows-amd64 compressed oops)
Heap:
 PSYoungGen      total 124928K, used 28313K [0x00000000e0000000, 0x00000000e8d80000, 0x0000000100000000)
  eden space 104960K, 8% used [0x00000000e0000000,0x00000000e08be428,0x00000000e6680000)
  from space 19968K, 96% used [0x00000000e7a00000,0x00000000e8ce8198,0x00000000e8d80000)
  to   space 13824K, 0% used [0x00000000e6980000,0x00000000e6980000,0x00000000e7700000)
 ParOldGen       total 101376K, used 45505K [0x00000000a0000000, 0x00000000a6300000, 0x00000000e0000000)
  object space 101376K, 44% used [0x00000000a0000000,0x00000000a2c70608,0x00000000a6300000)
 Metaspace       used 88915K, capacity 92954K, committed 93056K, reserved 1130496K
  class space    used 11628K, capacity 12396K, committed 12416K, reserved 1048576K
GC Heap History (10 events):
Event: 1429.631 GC heap before
{Heap before GC invocations=23 (full 3):
 PSYoungGen      total 128512K, used 128501K [0x00000000e0000000, 0x00000000e9400000, 0x0000000100000000)
  eden space 113664K, 100% used [0x00000000e0000000,0x00000000e6f00000,0x00000000e6f00000)
  from space 14848K, 99% used [0x00000000e7280000,0x00000000e80fd4d0,0x00000000e8100000)
  to   space 18944K, 0% used [0x00000000e8180000,0x00000000e8180000,0x00000000e9400000)
 ParOldGen       total 101376K, used 36112K [0x00000000a0000000, 0x00000000a6300000, 0x00000000e0000000)
  object space 101376K, 35% used [0x00000000a0000000,0x00000000a2344058,0x00000000a6300000)
 Metaspace       used 74019K, capacity 77050K, committed 77184K, reserved 1116160K
  class space    used 9656K, capacity 10290K, committed 10368K, reserved 1048576K
Event: 1429.947 GC heap after
Heap after GC invocations=23 (full 3):
 PSYoungGen      total 129024K, used 17290K [0x00000000e0000000, 0x00000000e9480000, 0x0000000100000000)
  eden space 110080K, 0% used [0x00000000e0000000,0x00000000e0000000,0x00000000e6b80000)
  from space 18944K, 91% used [0x00000000e8180000,0x00000000e9262a68,0x00000000e9400000)
  to   space 20992K, 0% used [0x00000000e6b80000,0x00000000e6b80000,0x00000000e8000000)
 ParOldGen       total 101376K, used 45465K [0x00000000a0000000, 0x00000000a6300000, 0x00000000e0000000)
  object space 101376K, 44% used [0x00000000a0000000,0x00000000a2c66608,0x00000000a6300000)
 Metaspace       used 74019K, capacity 77050K, committed 77184K, reserved 1116160K
  class space    used 9656K, capacity 10290K, committed 10368K, reserved 1048576K
}
Event: 1733.723 GC heap before
{Heap before GC invocations=24 (full 3):
 PSYoungGen      total 129024K, used 127370K [0x00000000e0000000, 0x00000000e9480000, 0x0000000100000000)
  eden space 110080K, 100% used [0x00000000e0000000,0x00000000e6b80000,0x00000000e6b80000)
  from space 18944K, 91% used [0x00000000e8180000,0x00000000e9262a68,0x00000000e9400000)
  to   space 20992K, 0% used [0x00000000e6b80000,0x00000000e6b80000,0x00000000e8000000)
 ParOldGen       total 101376K, used 45465K [0x00000000a0000000, 0x00000000a6300000, 0x00000000e0000000)
  object space 101376K, 44% used [0x00000000a0000000,0x00000000a2c66608,0x00000000a6300000)
 Metaspace       used 75147K, capacity 78210K, committed 78336K, reserved 1118208K
  class space    used 9753K, capacity 10404K, committed 10496K, reserved 1048576K
Event: 1734.802 GC heap after
Heap after GC invocations=24 (full 3):
 PSYoungGen      total 116224K, used 8812K [0x00000000e0000000, 0x00000000e8f80000, 0x0000000100000000)
  eden space 107008K, 0% used [0x00000000e0000000,0x00000000e0000000,0x00000000e6880000)
  from space 9216K, 95% used [0x00000000e6b80000,0x00000000e741b240,0x00000000e7480000)
  to   space 19968K, 0% used [0x00000000e7c00000,0x00000000e7c00000,0x00000000e8f80000)
 ParOldGen       total 101376K, used 45473K [0x00000000a0000000, 0x00000000a6300000, 0x00000000e0000000)
  object space 101376K, 44% used [0x00000000a0000000,0x00000000a2c68608,0x00000000a6300000)
 Metaspace       used 75147K, capacity 78210K, committed 78336K, reserved 1118208K
  class space    used 9753K, capacity 10404K, committed 10496K, reserved 1048576K
}
Event: 1737.877 GC heap before
{Heap before GC invocations=25 (full 3):
 PSYoungGen      total 116224K, used 115820K [0x00000000e0000000, 0x00000000e8f80000, 0x0000000100000000)
  eden space 107008K, 100% used [0x00000000e0000000,0x00000000e6880000,0x00000000e6880000)
  from space 9216K, 95% used [0x00000000e6b80000,0x00000000e741b240,0x00000000e7480000)
  to   space 19968K, 0% used [0x00000000e7c00000,0x00000000e7c00000,0x00000000e8f80000)
 ParOldGen       total 101376K, used 45473K [0x00000000a0000000, 0x00000000a6300000, 0x00000000e0000000)
  object space 101376K, 44% used [0x00000000a0000000,0x00000000a2c68608,0x00000000a6300000)
 Metaspace       used 75152K, capacity 78210K, committed 78336K, reserved 1118208K
  class space    used 9753K, capacity 10404K, committed 10496K, reserved 1048576K
Event: 1737.936 GC heap after
Heap after GC invocations=25 (full 3):
 PSYoungGen      total 128000K, used 8516K [0x00000000e0000000, 0x00000000e9f00000, 0x0000000100000000)
  eden space 108032K, 0% used [0x00000000e0000000,0x00000000e0000000,0x00000000e6980000)
  from space 19968K, 42% used [0x00000000e7c00000,0x00000000e8451060,0x00000000e8f80000)
  to   space 18944K, 0% used [0x00000000e6980000,0x00000000e6980000,0x00000000e7c00000)
 ParOldGen       total 101376K, used 45473K [0x00000000a0000000, 0x00000000a6300000, 0x00000000e0000000)
  object space 101376K, 44% used [0x00000000a0000000,0x00000000a2c68608,0x00000000a6300000)
 Metaspace       used 75152K, capacity 78210K, committed 78336K, reserved 1118208K
  class space    used 9753K, capacity 10404K, committed 10496K, reserved 1048576K
}
Event: 1757.763 GC heap before
{Heap before GC invocations=26 (full 3):
 PSYoungGen      total 128000K, used 116548K [0x00000000e0000000, 0x00000000e9f00000, 0x0000000100000000)
  eden space 108032K, 100% used [0x00000000e0000000,0x00000000e6980000,0x00000000e6980000)
  from space 19968K, 42% used [0x00000000e7c00000,0x00000000e8451060,0x00000000e8f80000)
  to   space 18944K, 0% used [0x00000000e6980000,0x00000000e6980000,0x00000000e7c00000)
 ParOldGen       total 101376K, used 45473K [0x00000000a0000000, 0x00000000a6300000, 0x00000000e0000000)
  object space 101376K, 44% used [0x00000000a0000000,0x00000000a2c68608,0x00000000a6300000)
 Metaspace       used 80492K, capacity 83634K, committed 83712K, reserved 1122304K
  class space    used 10359K, capacity 10992K, committed 11008K, reserved 1048576K
Event: 1757.858 GC heap after
Heap after GC invocations=26 (full 3):
 PSYoungGen      total 118784K, used 13685K [0x00000000e0000000, 0x00000000e8d80000, 0x0000000100000000)
  eden space 104960K, 0% used [0x00000000e0000000,0x00000000e0000000,0x00000000e6680000)
  from space 13824K, 98% used [0x00000000e6980000,0x00000000e76dd538,0x00000000e7700000)
  to   space 19968K, 0% used [0x00000000e7a00000,0x00000000e7a00000,0x00000000e8d80000)
 ParOldGen       total 101376K, used 45489K [0x00000000a0000000, 0x00000000a6300000, 0x00000000e0000000)
  object space 101376K, 44% used [0x00000000a0000000,0x00000000a2c6c608,0x00000000a6300000)
 Metaspace       used 80492K, capacity 83634K, committed 83712K, reserved 1122304K
  class space    used 10359K, capacity 10992K, committed 11008K, reserved 1048576K
}
Event: 1781.461 GC heap before
{Heap before GC invocations=27 (full 3):
 PSYoungGen      total 118784K, used 118645K [0x00000000e0000000, 0x00000000e8d80000, 0x0000000100000000)
  eden space 104960K, 100% used [0x00000000e0000000,0x00000000e6680000,0x00000000e6680000)
  from space 13824K, 98% used [0x00000000e6980000,0x00000000e76dd538,0x00000000e7700000)
  to   space 19968K, 0% used [0x00000000e7a00000,0x00000000e7a00000,0x00000000e8d80000)
 ParOldGen       total 101376K, used 45489K [0x00000000a0000000, 0x00000000a6300000, 0x00000000e0000000)
  object space 101376K, 44% used [0x00000000a0000000,0x00000000a2c6c608,0x00000000a6300000)
 Metaspace       used 88719K, capacity 92698K, committed 92800K, reserved 1130496K
  class space    used 11609K, capacity 12386K, committed 12416K, reserved 1048576K
Event: 1781.891 GC heap after
Heap after GC invocations=27 (full 3):
 PSYoungGen      total 124928K, used 19360K [0x00000000e0000000, 0x00000000e8d80000, 0x0000000100000000)
  eden space 104960K, 0% used [0x00000000e0000000,0x00000000e0000000,0x00000000e6680000)
  from space 19968K, 96% used [0x00000000e7a00000,0x00000000e8ce8198,0x00000000e8d80000)
  to   space 13824K, 0% used [0x00000000e6980000,0x00000000e6980000,0x00000000e7700000)
 ParOldGen       total 101376K, used 45505K [0x00000000a0000000, 0x00000000a6300000, 0x00000000e0000000)
  object space 101376K, 44% used [0x00000000a0000000,0x00000000a2c70608,0x00000000a6300000)
 Metaspace       used 88719K, capacity 92698K, committed 92800K, reserved 1130496K
  class space    used 11609K, capacity 12386K, committed 12416K, reserved 1048576K
}

