# JRE version: OpenJDK Runtime Environment (8.0_202-b03) (build 1.8.0_202-release-1483-b03)
# Java VM: OpenJDK 64-Bit Server VM (25.202-b03 mixed mode windows-amd64 compressed oops)
Heap:
 PSYoungGen      total 45056K, used 20165K [0x00000000e0000000, 0x00000000e2f00000, 0x0000000100000000)
  eden space 41984K, 40% used [0x00000000e0000000,0x00000000e10b9748,0x00000000e2900000)
  from space 3072K, 98% used [0x00000000e2900000,0x00000000e2bf8020,0x00000000e2c00000)
  to   space 3072K, 0% used [0x00000000e2c00000,0x00000000e2c00000,0x00000000e2f00000)
 ParOldGen       total 54784K, used 4258K [0x00000000a0000000, 0x00000000a3580000, 0x00000000e0000000)
  object space 54784K, 7% used [0x00000000a0000000,0x00000000a0428918,0x00000000a3580000)
 Metaspace       used 13593K, capacity 14052K, committed 14336K, reserved 1060864K
  class space    used 1866K, capacity 2002K, committed 2048K, reserved 1048576K
GC Heap History (6 events):
Event: 4.499 GC heap before
{Heap before GC invocations=1 (full 0):
 PSYoungGen      total 24064K, used 20992K [0x00000000e0000000, 0x00000000e1a80000, 0x0000000100000000)
  eden space 20992K, 100% used [0x00000000e0000000,0x00000000e1480000,0x00000000e1480000)
  from space 3072K, 0% used [0x00000000e1780000,0x00000000e1780000,0x00000000e1a80000)
  to   space 3072K, 0% used [0x00000000e1480000,0x00000000e1480000,0x00000000e1780000)
 ParOldGen       total 54784K, used 0K [0x00000000a0000000, 0x00000000a3580000, 0x00000000e0000000)
  object space 54784K, 0% used [0x00000000a0000000,0x00000000a0000000,0x00000000a3580000)
 Metaspace       used 6569K, capacity 6804K, committed 7040K, reserved 1056768K
  class space    used 804K, capacity 848K, committed 896K, reserved 1048576K
Event: 4.581 GC heap after
Heap after GC invocations=1 (full 0):
 PSYoungGen      total 24064K, used 3060K [0x00000000e0000000, 0x00000000e2f00000, 0x0000000100000000)
  eden space 20992K, 0% used [0x00000000e0000000,0x00000000e0000000,0x00000000e1480000)
  from space 3072K, 99% used [0x00000000e1480000,0x00000000e177d160,0x00000000e1780000)
  to   space 3072K, 0% used [0x00000000e2c00000,0x00000000e2c00000,0x00000000e2f00000)
 ParOldGen       total 54784K, used 500K [0x00000000a0000000, 0x00000000a3580000, 0x00000000e0000000)
  object space 54784K, 0% used [0x00000000a0000000,0x00000000a007d1e8,0x00000000a3580000)
 Metaspace       used 6569K, capacity 6804K, committed 7040K, reserved 1056768K
  class space    used 804K, capacity 848K, committed 896K, reserved 1048576K
}
Event: 5.527 GC heap before
{Heap before GC invocations=2 (full 0):
 PSYoungGen      total 24064K, used 24052K [0x00000000e0000000, 0x00000000e2f00000, 0x0000000100000000)
  eden space 20992K, 100% used [0x00000000e0000000,0x00000000e1480000,0x00000000e1480000)
  from space 3072K, 99% used [0x00000000e1480000,0x00000000e177d160,0x00000000e1780000)
  to   space 3072K, 0% used [0x00000000e2c00000,0x00000000e2c00000,0x00000000e2f00000)
 ParOldGen       total 54784K, used 500K [0x00000000a0000000, 0x00000000a3580000, 0x00000000e0000000)
  object space 54784K, 0% used [0x00000000a0000000,0x00000000a007d1e8,0x00000000a3580000)
 Metaspace       used 7086K, capacity 7348K, committed 7680K, reserved 1056768K
  class space    used 860K, capacity 944K, committed 1024K, reserved 1048576K
Event: 5.572 GC heap after
Heap after GC invocations=2 (full 0):
 PSYoungGen      total 45056K, used 2624K [0x00000000e0000000, 0x00000000e2f00000, 0x0000000100000000)
  eden space 41984K, 0% used [0x00000000e0000000,0x00000000e0000000,0x00000000e2900000)
  from space 3072K, 85% used [0x00000000e2c00000,0x00000000e2e900d8,0x00000000e2f00000)
  to   space 3072K, 0% used [0x00000000e2900000,0x00000000e2900000,0x00000000e2c00000)
 ParOldGen       total 54784K, used 508K [0x00000000a0000000, 0x00000000a3580000, 0x00000000e0000000)
  object space 54784K, 0% used [0x00000000a0000000,0x00000000a007f1e8,0x00000000a3580000)
 Metaspace       used 7086K, capacity 7348K, committed 7680K, reserved 1056768K
  class space    used 860K, capacity 944K, committed 1024K, reserved 1048576K
}
Event: 13.223 GC heap before
{Heap before GC invocations=3 (full 0):
 PSYoungGen      total 45056K, used 44608K [0x00000000e0000000, 0x00000000e2f00000, 0x0000000100000000)
  eden space 41984K, 100% used [0x00000000e0000000,0x00000000e2900000,0x00000000e2900000)
  from space 3072K, 85% used [0x00000000e2c00000,0x00000000e2e900d8,0x00000000e2f00000)
  to   space 3072K, 0% used [0x00000000e2900000,0x00000000e2900000,0x00000000e2c00000)
 ParOldGen       total 54784K, used 508K [0x00000000a0000000, 0x00000000a3580000, 0x00000000e0000000)
  object space 54784K, 0% used [0x00000000a0000000,0x00000000a007f1e8,0x00000000a3580000)
 Metaspace       used 12352K, capacity 12798K, committed 13056K, reserved 1060864K
  class space    used 1667K, capacity 1775K, committed 1792K, reserved 1048576K
Event: 13.241 GC heap after
Heap after GC invocations=3 (full 0):
 PSYoungGen      total 45056K, used 3040K [0x00000000e0000000, 0x00000000e2f00000, 0x0000000100000000)
  eden space 41984K, 0% used [0x00000000e0000000,0x00000000e0000000,0x00000000e2900000)
  from space 3072K, 98% used [0x00000000e2900000,0x00000000e2bf8020,0x00000000e2c00000)
  to   space 3072K, 0% used [0x00000000e2c00000,0x00000000e2c00000,0x00000000e2f00000)
 ParOldGen       total 54784K, used 4258K [0x00000000a0000000, 0x00000000a3580000, 0x00000000e0000000)
  object space 54784K, 7% used [0x00000000a0000000,0x00000000a0428918,0x00000000a3580000)
 Metaspace       used 12352K, capacity 12798K, committed 13056K, reserved 1060864K
  class space    used 1667K, capacity 1775K, committed 1792K, reserved 1048576K
}

